<?xml version="1.0" encoding="utf-8" standalone="no"?>
<!--This file represents the results of running a test suite-->
<test-results name="C:\Documents and Settings\Owner\My Documents\Visual Studio 2010\Projects\DBObject2\DBObject2.sln" total="1" errors="0" failures="1" not-run="0" inconclusive="0" ignored="0" skipped="0" invalid="0" date="2010-06-10" time="10:38:28">
  <environment nunit-version="2.5.5.10112" clr-version="2.0.50727.3603" os-version="Microsoft Windows NT 5.1.2600 Service Pack 3" platform="Win32NT" cwd="C:\Documents and Settings\Owner\My Documents\Visual Studio 2010\Projects\DBObject2" machine-name="FRANKGRIMES" user="Administrator" user-domain="FRANKGRIMES" />
  <culture-info current-culture="en-US" current-uiculture="en-US" />
  <test-suite type="Project" name="C:\Documents and Settings\Owner\My Documents\Visual Studio 2010\Projects\DBObject2\DBObject2.sln" executed="True" result="Failure" success="False" time="1.422" asserts="0">
    <results>
      <test-suite type="Assembly" name="C:\Documents and Settings\Owner\My Documents\Visual Studio 2010\Projects\DBObject2\DBObject2\bin\Debug\DBObject2.dll" executed="True" result="Failure" success="False" time="1.422" asserts="0">
        <results>
          <test-suite type="Namespace" name="TestDBObject2" executed="True" result="Failure" success="False" time="1.422" asserts="0">
            <results>
              <test-suite type="TestFixture" name="TestBasicQuery" executed="True" result="Failure" success="False" time="1.422" asserts="0">
                <results>
                  <test-case name="TestDBObject2.TestBasicQuery.DBNullISNull" executed="True" result="Failure" success="False" time="1.422" asserts="1">
                    <failure>
                      <message><![CDATA[  Expected: null
  But was:  <>
]]></message>
                      <stack-trace><![CDATA[at TestDBObject2.TestBasicQuery.DBNullISNull() in c:\documents and settings\owner\my documents\visual studio 2010\Projects\DBObject2\DBObject2\Class1.cs:line 55
]]></stack-trace>
                    </failure>
                  </test-case>
                </results>
              </test-suite>
            </results>
          </test-suite>
        </results>
      </test-suite>
    </results>
  </test-suite>
</test-results>