<?xml version="1.0" encoding="utf-8" standalone="no"?>
<!--This file represents the results of running a test suite-->
<test-results name="C:\Documents and Settings\Owner\My Documents\Visual Studio 2010\Projects\DBObject2_OldMySql\DBObject2\bin\Debug\DBObject2.dll" total="26" errors="0" failures="0" not-run="0" inconclusive="0" ignored="0" skipped="0" invalid="0" date="2010-07-09" time="08:36:50">
  <environment nunit-version="2.5.5.10112" clr-version="2.0.50727.3603" os-version="Microsoft Windows NT 5.1.2600 Service Pack 3" platform="Win32NT" cwd="C:\Program Files\NUnit 2.5.5\bin\net-2.0" machine-name="FRANKGRIMES" user="Administrator" user-domain="FRANKGRIMES" />
  <culture-info current-culture="en-US" current-uiculture="en-US" />
  <test-suite type="Assembly" name="C:\Documents and Settings\Owner\My Documents\Visual Studio 2010\Projects\DBObject2_OldMySql\DBObject2\bin\Debug\DBObject2.dll" executed="True" result="Success" success="True" time="9.188" asserts="0">
    <results>
      <test-suite type="Namespace" name="TestDBObject2" executed="True" result="Success" success="True" time="9.188" asserts="0">
        <results>
          <test-suite type="TestFixture" name="TestAutoMethods" executed="True" result="Success" success="True" time="1.688" asserts="0">
            <results>
              <test-case name="TestDBObject2.TestAutoMethods.GetColumnNames" executed="True" result="Success" success="True" time="1.000" asserts="1" />
              <test-case name="TestDBObject2.TestAutoMethods.PrimaryKey" executed="True" result="Success" success="True" time="0.125" asserts="1" />
              <test-case name="TestDBObject2.TestAutoMethods.RowCount" executed="True" result="Success" success="True" time="0.266" asserts="1" />
              <test-case name="TestDBObject2.TestAutoMethods.TotalRowCount" executed="True" result="Success" success="True" time="0.266" asserts="1" />
            </results>
          </test-suite>
          <test-suite type="TestFixture" name="TestAutoQueries" executed="True" result="Success" success="True" time="5.750" asserts="0">
            <results>
              <test-case name="TestDBObject2.TestAutoQueries.FillFromIndex" executed="True" result="Success" success="True" time="0.266" asserts="1" />
              <test-case name="TestDBObject2.TestAutoQueries.FindIndex" executed="True" result="Success" success="True" time="0.266" asserts="1" />
              <test-case name="TestDBObject2.TestAutoQueries.FindIndexTwoColumns" executed="True" result="Success" success="True" time="0.266" asserts="1" />
              <test-case name="TestDBObject2.TestAutoQueries.InsertRecord" executed="True" result="Success" success="True" time="0.938" asserts="3" />
              <test-case name="TestDBObject2.TestAutoQueries.InsertRecordShowInRow" executed="True" result="Success" success="True" time="0.938" asserts="5" />
              <test-case name="TestDBObject2.TestAutoQueries.UpdateOneRowOneColumn" executed="True" result="Success" success="True" time="0.813" asserts="3" />
              <test-case name="TestDBObject2.TestAutoQueries.UpdateThreeRowsOneColumn" executed="True" result="Success" success="True" time="1.469" asserts="6" />
              <test-case name="TestDBObject2.TestAutoQueries.UpdateWithBadColumnName" executed="True" result="Success" success="True" time="0.797" asserts="3" />
            </results>
          </test-suite>
          <test-suite type="TestFixture" name="TestBasicQuery" executed="True" result="Success" success="True" time="1.750" asserts="0">
            <results>
              <test-case name="TestDBObject2.TestBasicQuery.Column1FromRow1" executed="True" result="Success" success="True" time="0.125" asserts="1" />
              <test-case name="TestDBObject2.TestBasicQuery.Column1FromRow2" executed="True" result="Success" success="True" time="0.141" asserts="1" />
              <test-case name="TestDBObject2.TestBasicQuery.ColumnNameFromNew" executed="True" result="Success" success="True" time="0.141" asserts="4" />
              <test-case name="TestDBObject2.TestBasicQuery.ColumnNames" executed="True" result="Success" success="True" time="0.125" asserts="4" />
              <test-case name="TestDBObject2.TestBasicQuery.CreateWithConnectionThenQuery" executed="True" result="Success" success="True" time="0.125" asserts="1" />
              <test-case name="TestDBObject2.TestBasicQuery.FirstNameFromRow1" executed="True" result="Success" success="True" time="0.141" asserts="1" />
              <test-case name="TestDBObject2.TestBasicQuery.NumberOfColumns" executed="True" result="Success" success="True" time="0.141" asserts="1" />
              <test-case name="TestDBObject2.TestBasicQuery.NumberOfColumnsFromNew" executed="True" result="Success" success="True" time="0.125" asserts="1" />
              <test-case name="TestDBObject2.TestBasicQuery.NumberOfColumnsFromNewWithWhere" executed="True" result="Success" success="True" time="0.266" asserts="1" />
              <test-case name="TestDBObject2.TestBasicQuery.NumberOfRows" executed="True" result="Success" success="True" time="0.141" asserts="1" />
              <test-case name="TestDBObject2.TestBasicQuery.NumberOfRowsWithLimit" executed="True" result="Success" success="True" time="0.125" asserts="1" />
              <test-case name="TestDBObject2.TestBasicQuery.TableName" executed="True" result="Success" success="True" time="0.156" asserts="1" />
              <test-case name="TestDBObject2.TestBasicQuery.TableNameNotSet" executed="True" result="Success" success="True" time="0.000" asserts="1" />
              <test-case name="TestDBObject2.TestBasicQuery.ThrowNoConnectionStringError" executed="True" result="Success" success="True" time="0.000" asserts="1" />
            </results>
          </test-suite>
        </results>
      </test-suite>
    </results>
  </test-suite>
</test-results>