<?xml version="1.0" encoding="utf-8" standalone="no"?>
<!--This file represents the results of running a test suite-->
<test-results name="C:\Users\Administrator\Documents\Visual Studio 2010\Projects\DBObject2\Test\bin\Release\Test.dll" total="37" errors="0" failures="0" not-run="0" inconclusive="0" ignored="0" skipped="0" invalid="0" date="2011-01-21" time="08:10:39">
  <environment nunit-version="2.5.9.10348" clr-version="2.0.50727.4952" os-version="Microsoft Windows NT 6.1.7600.0" platform="Win32NT" cwd="C:\Program Files\NUnit 2.5.9\bin\net-2.0" machine-name="FRANKGRIMES8D2B" user="Administrator" user-domain="FRANKGRIMES8D2B" />
  <culture-info current-culture="en-US" current-uiculture="en-US" />
  <test-suite type="Assembly" name="C:\Users\Administrator\Documents\Visual Studio 2010\Projects\DBObject2\Test\bin\Release\Test.dll" executed="True" result="Success" success="True" time="1.674" asserts="0">
    <results>
      <test-suite type="Namespace" name="TestDBObject2" executed="True" result="Success" success="True" time="1.671" asserts="0">
        <results>
          <test-suite type="TestFixture" name="TestAutoMethods" executed="True" result="Success" success="True" time="0.158" asserts="0">
            <results>
              <test-case name="TestDBObject2.TestAutoMethods.GetColumnNames" executed="True" result="Success" success="True" time="0.039" asserts="1" />
              <test-case name="TestDBObject2.TestAutoMethods.PrimaryKey" executed="True" result="Success" success="True" time="0.039" asserts="1" />
              <test-case name="TestDBObject2.TestAutoMethods.RowCount" executed="True" result="Success" success="True" time="0.039" asserts="1" />
              <test-case name="TestDBObject2.TestAutoMethods.TotalRowCount" executed="True" result="Success" success="True" time="0.041" asserts="1" />
            </results>
          </test-suite>
          <test-suite type="TestFixture" name="TestAutoQueries" executed="True" result="Success" success="True" time="0.397" asserts="0">
            <results>
              <test-case name="TestDBObject2.TestAutoQueries.InsertRecord" executed="True" result="Success" success="True" time="0.050" asserts="3" />
              <test-case name="TestDBObject2.TestAutoQueries.InsertRecordShowInRow" executed="True" result="Success" success="True" time="0.048" asserts="5" />
              <test-case name="TestDBObject2.TestAutoQueries.UpdateOneRowOneColumn" executed="True" result="Success" success="True" time="0.050" asserts="3" />
              <test-case name="TestDBObject2.TestAutoQueries.UpdateThreeRowsOneColumn" executed="True" result="Success" success="True" time="0.146" asserts="6" />
              <test-case name="TestDBObject2.TestAutoQueries.UpdateWithBadColumnName" executed="True" result="Success" success="True" time="0.054" asserts="3" />
              <test-case name="TestDBObject2.TestAutoQueries.UpdateWithoutPrimaryKeyShouldFail" executed="True" result="Success" success="True" time="0.045" asserts="3" />
            </results>
          </test-suite>
          <test-suite type="TestFixture" name="TestBasicQuery" executed="True" result="Success" success="True" time="0.516" asserts="0">
            <results>
              <test-case name="TestDBObject2.TestBasicQuery.Column1FromRow1" executed="True" result="Success" success="True" time="0.045" asserts="1" />
              <test-case name="TestDBObject2.TestBasicQuery.Column1FromRow2" executed="True" result="Success" success="True" time="0.036" asserts="1" />
              <test-case name="TestDBObject2.TestBasicQuery.ColumnNameFromNew" executed="True" result="Success" success="True" time="0.037" asserts="4" />
              <test-case name="TestDBObject2.TestBasicQuery.ColumnNames" executed="True" result="Success" success="True" time="0.037" asserts="4" />
              <test-case name="TestDBObject2.TestBasicQuery.CreateWithConnectionThenQuery" executed="True" result="Success" success="True" time="0.035" asserts="1" />
              <test-case name="TestDBObject2.TestBasicQuery.FirstNameFromRow1" executed="True" result="Success" success="True" time="0.035" asserts="1" />
              <test-case name="TestDBObject2.TestBasicQuery.NumberOfColumns" executed="True" result="Success" success="True" time="0.039" asserts="1" />
              <test-case name="TestDBObject2.TestBasicQuery.NumberOfColumnsFromNew" executed="True" result="Success" success="True" time="0.038" asserts="1" />
              <test-case name="TestDBObject2.TestBasicQuery.NumberOfColumnsFromNewWithWhere" executed="True" result="Success" success="True" time="0.035" asserts="1" />
              <test-case name="TestDBObject2.TestBasicQuery.NumberOfRows" executed="True" result="Success" success="True" time="0.034" asserts="1" />
              <test-case name="TestDBObject2.TestBasicQuery.NumberOfRowsWithLimit" executed="True" result="Success" success="True" time="0.034" asserts="1" />
              <test-case name="TestDBObject2.TestBasicQuery.TableName" executed="True" result="Success" success="True" time="0.038" asserts="1" />
              <test-case name="TestDBObject2.TestBasicQuery.TableNameNotSet" executed="True" result="Success" success="True" time="0.031" asserts="1" />
              <test-case name="TestDBObject2.TestBasicQuery.ThrowNoConnectionStringError" executed="True" result="Success" success="True" time="0.034" asserts="1" />
            </results>
          </test-suite>
          <test-suite type="TestFixture" name="TestIndex" executed="True" result="Success" success="True" time="0.457" asserts="0">
            <results>
              <test-case name="TestDBObject2.TestIndex.FailedFindIndexReturnsFalse" executed="True" result="Success" success="True" time="0.044" asserts="2" />
              <test-case name="TestDBObject2.TestIndex.FailedFindIndexWithColumnsReturnsFalse" executed="True" result="Success" success="True" time="0.039" asserts="2" />
              <test-case name="TestDBObject2.TestIndex.FillFromIndex" executed="True" result="Success" success="True" time="0.045" asserts="1" />
              <test-case name="TestDBObject2.TestIndex.FillFromIndexKeepsNonNullValues" executed="True" result="Success" success="True" time="0.041" asserts="3" />
              <test-case name="TestDBObject2.TestIndex.FillFromIndexOverwritesColumns" executed="True" result="Success" success="True" time="0.036" asserts="3" />
              <test-case name="TestDBObject2.TestIndex.FindIndex" executed="True" result="Success" success="True" time="0.055" asserts="1" />
              <test-case name="TestDBObject2.TestIndex.FindIndexReturnsTrue" executed="True" result="Success" success="True" time="0.037" asserts="2" />
              <test-case name="TestDBObject2.TestIndex.FindIndexTwoColumns" executed="True" result="Success" success="True" time="0.040" asserts="1" />
              <test-case name="TestDBObject2.TestIndex.FindIndexWithColumnsReturnsTrue" executed="True" result="Success" success="True" time="0.039" asserts="2" />
              <test-case name="TestDBObject2.TestIndex.FindIndexWithColumnsReturnsTrueWithBadPrimaryKey" executed="True" result="Success" success="True" time="0.038" asserts="2" />
            </results>
          </test-suite>
          <test-suite type="TestFixture" name="TestWhere" executed="True" result="Success" success="True" time="0.127" asserts="0">
            <results>
              <test-case name="TestDBObject2.TestWhere.FindByPartialString" executed="True" result="Success" success="True" time="0.047" asserts="18" />
              <test-case name="TestDBObject2.TestWhere.FindByRow" executed="True" result="Success" success="True" time="0.040" asserts="14" />
              <test-case name="TestDBObject2.TestWhere.FindByTwoColumnsInRow" executed="True" result="Success" success="True" time="0.040" asserts="10" />
            </results>
          </test-suite>
        </results>
      </test-suite>
    </results>
  </test-suite>
</test-results>