<?xml version="1.0" encoding="utf-8" standalone="no"?>
<!--This file represents the results of running a test suite-->
<test-results name="C:\Users\Administrator\Documents\Visual Studio 2010\Projects\DBObject2\Test\bin\Release\Test.dll" total="30" errors="0" failures="0" not-run="0" inconclusive="0" ignored="0" skipped="0" invalid="0" date="2011-01-04" time="08:33:00">
  <environment nunit-version="2.5.9.10348" clr-version="2.0.50727.4952" os-version="Microsoft Windows NT 6.1.7600.0" platform="Win32NT" cwd="C:\Program Files\NUnit 2.5.9\bin\net-2.0" machine-name="FRANKGRIMES8D2B" user="Administrator" user-domain="FRANKGRIMES8D2B" />
  <culture-info current-culture="en-US" current-uiculture="en-US" />
  <test-suite type="Assembly" name="C:\Users\Administrator\Documents\Visual Studio 2010\Projects\DBObject2\Test\bin\Release\Test.dll" executed="True" result="Success" success="True" time="1.298" asserts="0">
    <results>
      <test-suite type="Namespace" name="TestDBObject2" executed="True" result="Success" success="True" time="1.290" asserts="0">
        <results>
          <test-suite type="TestFixture" name="TestAutoMethods" executed="True" result="Success" success="True" time="0.158" asserts="0">
            <results>
              <test-case name="TestDBObject2.TestAutoMethods.GetColumnNames" executed="True" result="Success" success="True" time="0.039" asserts="1" />
              <test-case name="TestDBObject2.TestAutoMethods.PrimaryKey" executed="True" result="Success" success="True" time="0.036" asserts="1" />
              <test-case name="TestDBObject2.TestAutoMethods.RowCount" executed="True" result="Success" success="True" time="0.041" asserts="1" />
              <test-case name="TestDBObject2.TestAutoMethods.TotalRowCount" executed="True" result="Success" success="True" time="0.042" asserts="1" />
            </results>
          </test-suite>
          <test-suite type="TestFixture" name="TestAutoQueries" executed="True" result="Success" success="True" time="0.391" asserts="0">
            <results>
              <test-case name="TestDBObject2.TestAutoQueries.FillFromIndex" executed="True" result="Success" success="True" time="0.041" asserts="1" />
              <test-case name="TestDBObject2.TestAutoQueries.FindIndex" executed="True" result="Success" success="True" time="0.036" asserts="1" />
              <test-case name="TestDBObject2.TestAutoQueries.FindIndexTwoColumns" executed="True" result="Success" success="True" time="0.037" asserts="1" />
              <test-case name="TestDBObject2.TestAutoQueries.InsertRecord" executed="True" result="Success" success="True" time="0.050" asserts="3" />
              <test-case name="TestDBObject2.TestAutoQueries.InsertRecordShowInRow" executed="True" result="Success" success="True" time="0.049" asserts="5" />
              <test-case name="TestDBObject2.TestAutoQueries.UpdateOneRowOneColumn" executed="True" result="Success" success="True" time="0.051" asserts="3" />
              <test-case name="TestDBObject2.TestAutoQueries.UpdateThreeRowsOneColumn" executed="True" result="Success" success="True" time="0.073" asserts="6" />
              <test-case name="TestDBObject2.TestAutoQueries.UpdateWithBadColumnName" executed="True" result="Success" success="True" time="0.050" asserts="3" />
            </results>
          </test-suite>
          <test-suite type="TestFixture" name="TestBasicQuery" executed="True" result="Success" success="True" time="0.513" asserts="0">
            <results>
              <test-case name="TestDBObject2.TestBasicQuery.Column1FromRow1" executed="True" result="Success" success="True" time="0.039" asserts="1" />
              <test-case name="TestDBObject2.TestBasicQuery.Column1FromRow2" executed="True" result="Success" success="True" time="0.034" asserts="1" />
              <test-case name="TestDBObject2.TestBasicQuery.ColumnNameFromNew" executed="True" result="Success" success="True" time="0.038" asserts="4" />
              <test-case name="TestDBObject2.TestBasicQuery.ColumnNames" executed="True" result="Success" success="True" time="0.035" asserts="4" />
              <test-case name="TestDBObject2.TestBasicQuery.CreateWithConnectionThenQuery" executed="True" result="Success" success="True" time="0.034" asserts="1" />
              <test-case name="TestDBObject2.TestBasicQuery.FirstNameFromRow1" executed="True" result="Success" success="True" time="0.035" asserts="1" />
              <test-case name="TestDBObject2.TestBasicQuery.NumberOfColumns" executed="True" result="Success" success="True" time="0.033" asserts="1" />
              <test-case name="TestDBObject2.TestBasicQuery.NumberOfColumnsFromNew" executed="True" result="Success" success="True" time="0.035" asserts="1" />
              <test-case name="TestDBObject2.TestBasicQuery.NumberOfColumnsFromNewWithWhere" executed="True" result="Success" success="True" time="0.043" asserts="1" />
              <test-case name="TestDBObject2.TestBasicQuery.NumberOfRows" executed="True" result="Success" success="True" time="0.032" asserts="1" />
              <test-case name="TestDBObject2.TestBasicQuery.NumberOfRowsWithLimit" executed="True" result="Success" success="True" time="0.035" asserts="1" />
              <test-case name="TestDBObject2.TestBasicQuery.TableName" executed="True" result="Success" success="True" time="0.035" asserts="1" />
              <test-case name="TestDBObject2.TestBasicQuery.TableNameNotSet" executed="True" result="Success" success="True" time="0.038" asserts="1" />
              <test-case name="TestDBObject2.TestBasicQuery.ThrowNoConnectionStringError" executed="True" result="Success" success="True" time="0.035" asserts="1" />
            </results>
          </test-suite>
          <test-suite type="TestFixture" name="TestFindingIndex" executed="True" result="Success" success="True" time="0.217" asserts="0">
            <results>
              <test-case name="TestDBObject2.TestFindingIndex.FailedFindIndexReturnsFalse" executed="True" result="Success" success="True" time="0.037" asserts="2" />
              <test-case name="TestDBObject2.TestFindingIndex.FailedFindIndexWithColumnsReturnsFalse" executed="True" result="Success" success="True" time="0.070" asserts="2" />
              <test-case name="TestDBObject2.TestFindingIndex.FindIndexReturnsTrue" executed="True" result="Success" success="True" time="0.056" asserts="2" />
              <test-case name="TestDBObject2.TestFindingIndex.FindIndexWithColumnsReturnsTrue" executed="True" result="Success" success="True" time="0.053" asserts="2" />
            </results>
          </test-suite>
        </results>
      </test-suite>
    </results>
  </test-suite>
</test-results>